This file contains any messages produced by compilers while
running configure, to aid debugging if configure makes a mistake.

It was created by home configure 0.1, which was
generated by GNU Autoconf 2.69.  Invocation command line was

  $ ./configure 

## --------- ##
## Platform. ##
## --------- ##

hostname = bannray
uname -m = x86_64
uname -r = 5.9.9-gentoo-x86_64
uname -s = Linux
uname -v = #1 SMP Sun Nov 22 09:45:15 -00 2020

/usr/bin/uname -p = Intel(R) Core(TM) i7-7700HQ CPU @ 2.80GHz
/bin/uname -X     = unknown

/bin/arch              = unknown
/usr/bin/arch -k       = unknown
/usr/convex/getsysinfo = unknown
/usr/bin/hostinfo      = unknown
/bin/machine           = unknown
/usr/bin/oslevel       = unknown
/bin/universe          = unknown

PATH: /usr/local/sbin
PATH: /usr/local/bin
PATH: /usr/sbin
PATH: /usr/bin
PATH: /sbin
PATH: /bin
PATH: /opt/bin
PATH: /usr/lib/llvm/11/bin


## ----------- ##
## Core tests. ##
## ----------- ##

configure:2030: checking for a BSD-compatible install
configure:2098: result: /usr/bin/install -c
configure:2109: checking whether build environment is sane
configure:2164: result: yes
configure:2308: checking for a thread-safe mkdir -p
configure:2347: result: /bin/mkdir -p
configure:2354: checking for gawk
configure:2370: found /usr/bin/gawk
configure:2381: result: gawk
configure:2392: checking whether make sets $(MAKE)
configure:2414: result: yes
configure:2443: checking whether make supports nested variables
configure:2460: result: yes
configure:2644: checking for g++
configure:2660: found /usr/bin/g++
configure:2671: result: g++
configure:2698: checking for C++ compiler version
configure:2707: g++ --version >&5
g++ (Gentoo 10.2.0-r3 p4) 10.2.0
Copyright (C) 2020 Free Software Foundation, Inc.
This is free software; see the source for copying conditions.  There is NO
warranty; not even for MERCHANTABILITY or FITNESS FOR A PARTICULAR PURPOSE.

configure:2718: $? = 0
configure:2707: g++ -v >&5
Using built-in specs.
COLLECT_GCC=g++
COLLECT_LTO_WRAPPER=/usr/libexec/gcc/x86_64-pc-linux-gnu/10.2.0/lto-wrapper
Target: x86_64-pc-linux-gnu
Configured with: /var/tmp/portage/sys-devel/gcc-10.2.0-r3/work/gcc-10.2.0/configure --host=x86_64-pc-linux-gnu --build=x86_64-pc-linux-gnu --prefix=/usr --bindir=/usr/x86_64-pc-linux-gnu/gcc-bin/10.2.0 --includedir=/usr/lib/gcc/x86_64-pc-linux-gnu/10.2.0/include --datadir=/usr/share/gcc-data/x86_64-pc-linux-gnu/10.2.0 --mandir=/usr/share/gcc-data/x86_64-pc-linux-gnu/10.2.0/man --infodir=/usr/share/gcc-data/x86_64-pc-linux-gnu/10.2.0/info --with-gxx-include-dir=/usr/lib/gcc/x86_64-pc-linux-gnu/10.2.0/include/g++-v10 --with-python-dir=/share/gcc-data/x86_64-pc-linux-gnu/10.2.0/python --enable-languages=c,c++,fortran --enable-obsolete --enable-secureplt --disable-werror --with-system-zlib --enable-nls --without-included-gettext --enable-checking=release --with-bugurl=https://bugs.gentoo.org/ --with-pkgversion='Gentoo 10.2.0-r3 p4' --disable-esp --enable-libstdcxx-time --enable-shared --enable-threads=posix --enable-__cxa_atexit --enable-clocale=gnu --enable-multilib --with-multilib-list=m32,m64 --disable-fixed-point --enable-targets=all --enable-libgomp --disable-libssp --disable-libada --disable-systemtap --enable-vtable-verify --without-zstd --enable-lto --without-isl --enable-default-pie --enable-default-ssp
Thread model: posix
Supported LTO compression algorithms: zlib
gcc version 10.2.0 (Gentoo 10.2.0-r3 p4) 
configure:2718: $? = 0
configure:2707: g++ -V >&5
g++: error: unrecognized command-line option '-V'
g++: fatal error: no input files
compilation terminated.
configure:2718: $? = 1
configure:2707: g++ -qversion >&5
g++: error: unrecognized command-line option '-qversion'; did you mean '--version'?
g++: fatal error: no input files
compilation terminated.
configure:2718: $? = 1
configure:2738: checking whether the C++ compiler works
configure:2760: g++    conftest.cpp  >&5
configure:2764: $? = 0
configure:2812: result: yes
configure:2815: checking for C++ compiler default output file name
configure:2817: result: a.out
configure:2823: checking for suffix of executables
configure:2830: g++ -o conftest    conftest.cpp  >&5
configure:2834: $? = 0
configure:2856: result: 
configure:2878: checking whether we are cross compiling
configure:2886: g++ -o conftest    conftest.cpp  >&5
configure:2890: $? = 0
configure:2897: ./conftest
configure:2901: $? = 0
configure:2889: result: no
configure:2894: checking for suffix of object files
configure:2916: g++ -c   conftest.cpp >&5
configure:2920: $? = 0
configure:2941: result: o
configure:2945: checking whether we are using the GNU C++ compiler
configure:2964: g++ -c   conftest.cpp >&5
configure:2964: $? = 0
configure:2973: result: yes
configure:2982: checking whether g++ accepts -g
configure:3002: g++ -c -g  conftest.cpp >&5
configure:3002: $? = 0
configure:3043: result: yes
configure:3069: checking whether make supports the include directive
configure:3084: make -f confmf.GNU && cat confinc.out
this is the am__doit target
configure:3087: $? = 0
configure:3106: result: yes (GNU style)
configure:3131: checking dependency style of g++
configure:3242: result: gcc3
configure:3312: checking for pkg-config
configure:3330: found /usr/bin/pkg-config
configure:3342: result: /usr/bin/pkg-config
configure:3367: checking pkg-config is at least version 0.9.0
configure:3370: result: yes
configure:3426: checking for gcc
configure:3442: found /usr/bin/gcc
configure:3453: result: gcc
configure:3682: checking for C compiler version
configure:3691: gcc --version >&5
gcc (Gentoo 10.2.0-r3 p4) 10.2.0
Copyright (C) 2020 Free Software Foundation, Inc.
This is free software; see the source for copying conditions.  There is NO
warranty; not even for MERCHANTABILITY or FITNESS FOR A PARTICULAR PURPOSE.

configure:3702: $? = 0
configure:3691: gcc -v >&5
Using built-in specs.
COLLECT_GCC=gcc
COLLECT_LTO_WRAPPER=/usr/libexec/gcc/x86_64-pc-linux-gnu/10.2.0/lto-wrapper
Target: x86_64-pc-linux-gnu
Configured with: /var/tmp/portage/sys-devel/gcc-10.2.0-r3/work/gcc-10.2.0/configure --host=x86_64-pc-linux-gnu --build=x86_64-pc-linux-gnu --prefix=/usr --bindir=/usr/x86_64-pc-linux-gnu/gcc-bin/10.2.0 --includedir=/usr/lib/gcc/x86_64-pc-linux-gnu/10.2.0/include --datadir=/usr/share/gcc-data/x86_64-pc-linux-gnu/10.2.0 --mandir=/usr/share/gcc-data/x86_64-pc-linux-gnu/10.2.0/man --infodir=/usr/share/gcc-data/x86_64-pc-linux-gnu/10.2.0/info --with-gxx-include-dir=/usr/lib/gcc/x86_64-pc-linux-gnu/10.2.0/include/g++-v10 --with-python-dir=/share/gcc-data/x86_64-pc-linux-gnu/10.2.0/python --enable-languages=c,c++,fortran --enable-obsolete --enable-secureplt --disable-werror --with-system-zlib --enable-nls --without-included-gettext --enable-checking=release --with-bugurl=https://bugs.gentoo.org/ --with-pkgversion='Gentoo 10.2.0-r3 p4' --disable-esp --enable-libstdcxx-time --enable-shared --enable-threads=posix --enable-__cxa_atexit --enable-clocale=gnu --enable-multilib --with-multilib-list=m32,m64 --disable-fixed-point --enable-targets=all --enable-libgomp --disable-libssp --disable-libada --disable-systemtap --enable-vtable-verify --without-zstd --enable-lto --without-isl --enable-default-pie --enable-default-ssp
Thread model: posix
Supported LTO compression algorithms: zlib
gcc version 10.2.0 (Gentoo 10.2.0-r3 p4) 
configure:3702: $? = 0
configure:3691: gcc -V >&5
gcc: error: unrecognized command-line option '-V'
gcc: fatal error: no input files
compilation terminated.
configure:3702: $? = 1
configure:3691: gcc -qversion >&5
gcc: error: unrecognized command-line option '-qversion'; did you mean '--version'?
gcc: fatal error: no input files
compilation terminated.
configure:3702: $? = 1
configure:3706: checking whether we are using the GNU C compiler
configure:3725: gcc -c   conftest.c >&5
configure:3725: $? = 0
configure:3734: result: yes
configure:3743: checking whether gcc accepts -g
configure:3763: gcc -c -g  conftest.c >&5
configure:3763: $? = 0
configure:3804: result: yes
configure:3821: checking for gcc option to accept ISO C89
configure:3884: gcc  -c -g -O2  conftest.c >&5
configure:3884: $? = 0
configure:3897: result: none needed
configure:3922: checking whether gcc understands -c and -o together
configure:3944: gcc -c conftest.c -o conftest2.o
configure:3947: $? = 0
configure:3944: gcc -c conftest.c -o conftest2.o
configure:3947: $? = 0
configure:3959: result: yes
configure:3978: checking dependency style of gcc
configure:4089: result: gcc3
configure:4143: checking for SDL
configure:4150: $PKG_CONFIG --exists --print-errors "sdl2 >= $min_sdl_version"
configure:4153: $? = 0
configure:4167: $PKG_CONFIG --exists --print-errors "sdl2 >= $min_sdl_version"
configure:4170: $? = 0
configure:4208: result: yes
configure:4484: checking for GL
configure:4491: $PKG_CONFIG --exists --print-errors "gl"
configure:4494: $? = 0
configure:4508: $PKG_CONFIG --exists --print-errors "gl"
configure:4511: $? = 0
configure:4569: result: yes
configure:4575: checking for GLU
configure:4582: $PKG_CONFIG --exists --print-errors "glu"
configure:4585: $? = 0
configure:4599: $PKG_CONFIG --exists --print-errors "glu"
configure:4602: $? = 0
configure:4660: result: yes
configure:4666: checking for SDL2_IMAGE
configure:4673: $PKG_CONFIG --exists --print-errors "SDL2_image"
configure:4676: $? = 0
configure:4690: $PKG_CONFIG --exists --print-errors "SDL2_image"
configure:4693: $? = 0
configure:4751: result: yes
configure:4864: checking that generated files are newer than configure
configure:4870: result: done
configure:4897: creating ./config.status

## ---------------------- ##
## Running config.status. ##
## ---------------------- ##

This file was extended by home config.status 0.1, which was
generated by GNU Autoconf 2.69.  Invocation command line was

  CONFIG_FILES    = 
  CONFIG_HEADERS  = 
  CONFIG_LINKS    = 
  CONFIG_COMMANDS = 
  $ ./config.status 

on bannray

config.status:856: creating Makefile
config.status:856: creating src/Makefile
config.status:856: creating config.h
config.status:1037: config.h is unchanged
config.status:1085: executing depfiles commands
config.status:1162: cd src       && sed -e '/# am--include-marker/d' Makefile         | make -f - am--depfiles
make: Nothing to be done for 'am--depfiles'.
config.status:1167: $? = 0

## ---------------- ##
## Cache variables. ##
## ---------------- ##

ac_cv_c_compiler_gnu=yes
ac_cv_cxx_compiler_gnu=yes
ac_cv_env_CCC_set=
ac_cv_env_CCC_value=
ac_cv_env_CC_set=
ac_cv_env_CC_value=
ac_cv_env_CFLAGS_set=
ac_cv_env_CFLAGS_value=
ac_cv_env_CPPFLAGS_set=
ac_cv_env_CPPFLAGS_value=
ac_cv_env_CXXFLAGS_set=
ac_cv_env_CXXFLAGS_value=
ac_cv_env_CXX_set=
ac_cv_env_CXX_value=
ac_cv_env_GLU_CFLAGS_set=
ac_cv_env_GLU_CFLAGS_value=
ac_cv_env_GLU_LIBS_set=
ac_cv_env_GLU_LIBS_value=
ac_cv_env_GL_CFLAGS_set=
ac_cv_env_GL_CFLAGS_value=
ac_cv_env_GL_LIBS_set=
ac_cv_env_GL_LIBS_value=
ac_cv_env_LDFLAGS_set=
ac_cv_env_LDFLAGS_value=
ac_cv_env_LIBS_set=
ac_cv_env_LIBS_value=
ac_cv_env_PKG_CONFIG_LIBDIR_set=
ac_cv_env_PKG_CONFIG_LIBDIR_value=
ac_cv_env_PKG_CONFIG_PATH_set=
ac_cv_env_PKG_CONFIG_PATH_value=
ac_cv_env_PKG_CONFIG_set=
ac_cv_env_PKG_CONFIG_value=
ac_cv_env_SDL2_FRAMEWORK_set=
ac_cv_env_SDL2_FRAMEWORK_value=
ac_cv_env_SDL2_IMAGE_CFLAGS_set=
ac_cv_env_SDL2_IMAGE_CFLAGS_value=
ac_cv_env_SDL2_IMAGE_LIBS_set=
ac_cv_env_SDL2_IMAGE_LIBS_value=
ac_cv_env_SDL_CFLAGS_set=
ac_cv_env_SDL_CFLAGS_value=
ac_cv_env_SDL_LIBS_set=
ac_cv_env_SDL_LIBS_value=
ac_cv_env_build_alias_set=
ac_cv_env_build_alias_value=
ac_cv_env_host_alias_set=
ac_cv_env_host_alias_value=
ac_cv_env_target_alias_set=
ac_cv_env_target_alias_value=
ac_cv_objext=o
ac_cv_path_ac_pt_PKG_CONFIG=/usr/bin/pkg-config
ac_cv_path_install='/usr/bin/install -c'
ac_cv_path_mkdir=/bin/mkdir
ac_cv_prog_AWK=gawk
ac_cv_prog_ac_ct_CC=gcc
ac_cv_prog_ac_ct_CXX=g++
ac_cv_prog_cc_c89=
ac_cv_prog_cc_g=yes
ac_cv_prog_cxx_g=yes
ac_cv_prog_make_make_set=yes
am_cv_CC_dependencies_compiler_type=gcc3
am_cv_CXX_dependencies_compiler_type=gcc3
am_cv_make_support_nested_variables=yes
am_cv_prog_cc_c_o=yes
pkg_cv_GLU_CFLAGS=
pkg_cv_GLU_LIBS='-lGLU -lGL '
pkg_cv_GL_CFLAGS=
pkg_cv_GL_LIBS='-lGL '
pkg_cv_SDL2_IMAGE_CFLAGS='-I/usr/include/SDL2 -D_REENTRANT '
pkg_cv_SDL2_IMAGE_LIBS='-lSDL2_image -lSDL2 '
pkg_cv_SDL_CFLAGS='-I/usr/include/SDL2 -D_REENTRANT '
pkg_cv_SDL_LIBS='-lSDL2 '

## ----------------- ##
## Output variables. ##
## ----------------- ##

ACLOCAL='${SHELL} '\''/root/linux-dev-labs/dom/lab-dom/Gorodishe/missing'\'' aclocal-1.16'
AMDEPBACKSLASH='\'
AMDEP_FALSE='#'
AMDEP_TRUE=''
AMTAR='$${TAR-tar}'
AM_BACKSLASH='\'
AM_DEFAULT_V='$(AM_DEFAULT_VERBOSITY)'
AM_DEFAULT_VERBOSITY='1'
AM_V='$(V)'
AUTOCONF='${SHELL} '\''/root/linux-dev-labs/dom/lab-dom/Gorodishe/missing'\'' autoconf'
AUTOHEADER='${SHELL} '\''/root/linux-dev-labs/dom/lab-dom/Gorodishe/missing'\'' autoheader'
AUTOMAKE='${SHELL} '\''/root/linux-dev-labs/dom/lab-dom/Gorodishe/missing'\'' automake-1.16'
AWK='gawk'
CC='gcc'
CCDEPMODE='depmode=gcc3'
CFLAGS='-g -O2'
CPPFLAGS=''
CXX='g++'
CXXDEPMODE='depmode=gcc3'
CXXFLAGS='-g -O2    '
CYGPATH_W='echo'
DEFS='-DHAVE_CONFIG_H'
DEPDIR='.deps'
ECHO_C=''
ECHO_N='-n'
ECHO_T=''
EXEEXT=''
GLU_CFLAGS=''
GLU_LIBS='-lGLU -lGL '
GL_CFLAGS=''
GL_LIBS='-lGL '
INSTALL_DATA='${INSTALL} -m 644'
INSTALL_PROGRAM='${INSTALL}'
INSTALL_SCRIPT='${INSTALL}'
INSTALL_STRIP_PROGRAM='$(install_sh) -c -s'
LDFLAGS=''
LIBOBJS=''
LIBS=' -lSDL2  -lGL  -lGLU -lGL  -lSDL2_image -lSDL2 '
LTLIBOBJS=''
MAKEINFO='${SHELL} '\''/root/linux-dev-labs/dom/lab-dom/Gorodishe/missing'\'' makeinfo'
MKDIR_P='/bin/mkdir -p'
OBJEXT='o'
PACKAGE='home'
PACKAGE_BUGREPORT='k.a.karachev@uspu.su'
PACKAGE_NAME='home'
PACKAGE_STRING='home 0.1'
PACKAGE_TARNAME='home'
PACKAGE_URL=''
PACKAGE_VERSION='0.1'
PATH_SEPARATOR=':'
PKG_CONFIG='/usr/bin/pkg-config'
PKG_CONFIG_LIBDIR=''
PKG_CONFIG_PATH=''
SDL2_CONFIG='pkg-config sdl2'
SDL2_FRAMEWORK=''
SDL2_IMAGE_CFLAGS='-I/usr/include/SDL2 -D_REENTRANT '
SDL2_IMAGE_LIBS='-lSDL2_image -lSDL2 '
SDL_CFLAGS='-I/usr/include/SDL2 -D_REENTRANT '
SDL_LIBS='-lSDL2 '
SET_MAKE=''
SHELL='/bin/sh'
STRIP=''
VERSION='0.1'
ac_ct_CC='gcc'
ac_ct_CXX='g++'
am__EXEEXT_FALSE=''
am__EXEEXT_TRUE='#'
am__fastdepCC_FALSE='#'
am__fastdepCC_TRUE=''
am__fastdepCXX_FALSE='#'
am__fastdepCXX_TRUE=''
am__include='include'
am__isrc=''
am__leading_dot='.'
am__nodep='_no'
am__quote=''
am__tar='$${TAR-tar} chof - "$$tardir"'
am__untar='$${TAR-tar} xf -'
bindir='${exec_prefix}/bin'
build_alias=''
datadir='${datarootdir}'
datarootdir='${prefix}/share'
docdir='${datarootdir}/doc/${PACKAGE_TARNAME}'
dvidir='${docdir}'
exec_prefix='${prefix}'
host_alias=''
htmldir='${docdir}'
includedir='${prefix}/include'
infodir='${datarootdir}/info'
install_sh='${SHELL} /root/linux-dev-labs/dom/lab-dom/Gorodishe/install-sh'
libdir='${exec_prefix}/lib'
libexecdir='${exec_prefix}/libexec'
localedir='${datarootdir}/locale'
localstatedir='${prefix}/var'
mandir='${datarootdir}/man'
mkdir_p='$(MKDIR_P)'
oldincludedir='/usr/include'
pdfdir='${docdir}'
prefix='/usr/local'
program_transform_name='s,x,x,'
psdir='${docdir}'
runstatedir='${localstatedir}/run'
sbindir='${exec_prefix}/sbin'
sharedstatedir='${prefix}/com'
sysconfdir='${prefix}/etc'
target_alias=''

## ----------- ##
## confdefs.h. ##
## ----------- ##

/* confdefs.h */
#define PACKAGE_NAME "home"
#define PACKAGE_TARNAME "home"
#define PACKAGE_VERSION "0.1"
#define PACKAGE_STRING "home 0.1"
#define PACKAGE_BUGREPORT "k.a.karachev@uspu.su"
#define PACKAGE_URL ""
#define PACKAGE "home"
#define VERSION "0.1"

configure: exit 0
